<?xml version="1.0"?>
<component name="org.nuxeo.labs.video.ext.automationjs.test">

    <extension target="org.nuxeo.automation.scripting.internals.AutomationScriptingComponent" point="operation">

        <scriptedOperation id="javascript.test_video_storyboard_js">
            <inputType>document</inputType>
            <outputType>document</outputType>
            <category>javascript</category>
            <description></description>
            <script><![CDATA[function run(input, params) {
                return Video.Storyboard(input, {
                  'save': true,
                  'timecodeListinMillis': ['0','1000','2000','3000']
                });
             }]]>
            </script>
        </scriptedOperation>
    </extension>

    <extension target="org.nuxeo.automation.scripting.internals.AutomationScriptingComponent" point="operation">

        <scriptedOperation id="javascript.test_video_preview_js">
            <inputType>document</inputType>
            <outputType>document</outputType>
            <category>javascript</category>
            <description></description>
            <script><![CDATA[function run(input, params) {
                return Video.Preview(input, {
                  'save': true,
                  'timecodeInSecond': 2.5
                });
             }]]>
            </script>
        </scriptedOperation>
    </extension>

</component>