<?xml version="1.0"?>
<component name="org.nuxeo.labs.video.ext.automationjs.test">

    <extension target="org.nuxeo.automation.scripting.internals.AutomationScriptingComponent" point="operation">

        <scriptedOperation id="javascript.test_video_storyboard_js">
            <inputType>document</inputType>
            <outputType>document</outputType>
            <category>javascript</category>
            <description></description>
            <script><![CDATA[function run(input, params) {
                return Video.Storyboard(input, {
                  'save': true,
                  'timecodeListInSeconds': [0, 0.833, 1, 1.500, 2.400 , 4.733, 5.633]
                });
             }]]>
            </script>
        </scriptedOperation>

        <scriptedOperation id="javascript.test_video_storyboard_zero_js">
            <inputType>document</inputType>
            <outputType>document</outputType>
            <category>javascript</category>
            <description></description>
            <script><![CDATA[function run(input, params) {
                return Video.Storyboard(input, {
                  'save': true,
                  'timecodeListInSeconds': [0]
                });
             }]]>
            </script>
        </scriptedOperation>

        <scriptedOperation id="javascript.test_video_preview_js">
            <inputType>document</inputType>
            <outputType>document</outputType>
            <category>javascript</category>
            <description></description>
            <script><![CDATA[function run(input, params) {
                return Video.Preview(input, {
                  'save': true,
                  'timecodeInSecond': 1
                });
             }]]>
            </script>
        </scriptedOperation>

        <scriptedOperation id="javascript.test_black_frame_helper">
            <inputType>blob</inputType>
            <outputType>void</outputType>
            <category>javascript</category>
            <description></description>
            <script><![CDATA[function run(input, params) {
                var isBlackFrame = VideoFrameHelper.isBlackFrame(input);
                if (isBlackFrame) {
                    throw "sorry";
                }
             }]]>
            </script>
        </scriptedOperation>


    </extension>

</component>